[debug] ----------------------------------------------------------------------
[debug] Command:      C:\Program Files\nodejs\node.exe C:\Users\User\AppData\Roaming\npm\node_modules\firebase-tools\bin\firebase serve
[debug] CLI Version:  3.2.2
[debug] Platform:     win32
[debug] Node Version: v6.9.4
[debug] Time:         Tue Feb 07 2017 00:05:37 GMT+0800 (China Standard Time)
[debug] ----------------------------------------------------------------------
[debug] 
[info] Starting Firebase development server...
[info] 
[info] Project Directory: C:\Users\User
[debug] TypeError: Cannot read property 'public' of undefined
    at Server.<anonymous> (C:\Users\User\AppData\Roaming\npm\node_modules\firebase-tools\commands\serve.js:26:15)
    at Server.g (events.js:291:16)
    at emitNone (events.js:86:13)
    at Server.emit (events.js:185:7)
    at emitListeningNT (net.js:1285:10)
    at _combinedTickCallback (internal/process/next_tick.js:71:11)
    at process._tickCallback (internal/process/next_tick.js:98:9)
[error] 
[error] Error: An unexpected error has occurred.
